=~=~=~=~=~=~=~=~=~=~=~= PuTTY log 2020.05.29 15:20:05 =~=~=~=~=~=~=~=~=~=~=~=
show run
Building configuration...

Current configuration : 7224 bytes
!
! No configuration change since last restart
!
version 15.7
service timestamps debug datetime msec
service timestamps log datetime msec
no service password-encryption
!
hostname R1
!
boot-start-marker
boot-end-marker
!
!
enable secret 5 $1$X10/$eSg1BHXRmsupk677UXxLk/
!
no aaa new-model
!
!
!
clock timezone GMT 1 0
clock summer-time FR recurring last Sun Mar 2:00 last Sun Oct 2:00
mmi polling-interval 60
no mmi auto-configure
no mmi pvc
mmi snmp-timeout 180
!
!
!
!
!
no ip icmp rate-limit unreachable
!
!
!
ip dhcp excluded-address 10.191.0.1 10.191.0.100
!
ip dhcp pool LANR1
 network 10.191.0.0 255.255.255.0
 default-router 10.191.0.1 
!
ip dhcp pool DMZ
 default-router 10.191.0.1 
 dns-server 10.191.0.1 
!
!
!
ip domain name lan
ip name-server 1.1.1.1
ip cef
ipv6 unicast-routing
ipv6 cef
!
multilink bundle-name authenticated
!
!
!
!
username root privilege 15 password 0 testtest
!
redundancy
!
no cdp log mismatch duplex
!
ip tcp synwait-time 5
!
class-map type inspect match-any internet-dmz-class
 match protocol http
 match protocol https
class-map type inspect match-any ntp-class
 match protocol ntp
class-map type inspect match-any vpn-class
 match access-group name ISAKMP_IPSEC
class-map type inspect match-any dns-class
 match access-group name DNS
class-map type inspect match-any icmp-class
 match protocol icmp
class-map type inspect match-any dhcp-class
 match access-group name DHCP
class-map type inspect match-any remote-access-class
 match access-group name SSH
class-map type inspect match-any internet-trafic-class
 match protocol dns
 match protocol http
 match protocol https
 match protocol icmp
 match protocol ssh
class-map type inspect match-any lan-dmz-class
 match protocol http
 match protocol https
 match protocol ssh
!
policy-map type inspect lan-internet-policy
 class type inspect internet-trafic-class
  inspect 
 class class-default
  drop
policy-map type inspect internet-dmz-policy
 class type inspect internet-dmz-class
  inspect 
 class class-default
  drop
policy-map type inspect to-self-policy
 class type inspect remote-access-class
  pass
 class type inspect icmp-class
  inspect 
 class type inspect dhcp-class
  pass
 class type inspect dns-class
  pass
 class type inspect vpn-class
  inspect 
 class type inspect ntp-class
  pass
 class class-default
  drop log
policy-map type inspect lan-dmz-policy
 class type inspect lan-dmz-class
  inspect 
 class class-default
  drop
!
zone security lan
zone security internet
zone security dmz
zone-pair security lan-internet source lan destination internet
 service-policy type inspect lan-internet-policy
zone-pair security lan-dmz source lan destination dmz
 service-policy type inspect lan-dmz-policy
zone-pair security internet-dmz source internet destination dmz
 service-policy type inspect internet-dmz-policy
zone-pair security internet-self source internet destination self
 service-policy type inspect to-self-policy
zone-pair security self-internet source self destination internet
 service-policy type inspect to-self-policy
! 
!
!
!
!
crypto isakmp policy 1
 encr aes 256
 authentication pre-share
 group 5
 lifetime 7200
crypto isakmp key cisco123 address 192.168.122.162
!
!
crypto ipsec transform-set to-R4-set esp-aes 256 esp-sha-hmac 
 mode tunnel
!
!
!
crypto map cm-to-R4 1 ipsec-isakmp 
 set peer 192.168.122.162
 set transform-set to-R4-set 
 match address crypto-acl
!
!
!
!
!
interface GigabitEthernet0/0
 description Interface DMZ
 ip address 10.191.0.1 255.255.255.0
 ip nat inside
 ip virtual-reassembly in
 zone-member security dmz
 duplex auto
 speed auto
 media-type rj45
 ipv6 address FE80::1 link-local
 ipv6 enable
 ipv6 eigrp 1
!
interface GigabitEthernet0/1
 description Interface WAN
 ip address dhcp
 ip nat outside
 ip virtual-reassembly in
 zone-member security internet
 duplex auto
 speed auto
 media-type rj45
 ipv6 address FE80::CAFE:1 link-local
 crypto map cm-to-R4
!
interface GigabitEthernet0/2
 description Interface LAN
 ip address 10.1.1.1 255.255.255.0
 ip nat inside
 ip virtual-reassembly in
 zone-member security lan
 duplex auto
 speed auto
 media-type rj45
 ipv6 address FE80::DD:1 link-local
 ipv6 address 2001:470:C814:1001::1/64
 ipv6 enable
 ipv6 eigrp 1
!
interface GigabitEthernet0/3
 description Interface LAN
 ip address 10.1.2.1 255.255.255.0
 ip nat inside
 ip virtual-reassembly in
 zone-member security lan
 duplex auto
 speed auto
 media-type rj45
 ipv6 address FE80::DD:1 link-local
 ipv6 address 2001:470:C814:1002::1/64
 ipv6 enable
 ipv6 eigrp 1
!
interface GigabitEthernet0/4
 no ip address
 shutdown
 duplex auto
 speed auto
 media-type rj45
!
interface GigabitEthernet0/5
 no ip address
 shutdown
 duplex auto
 speed auto
 media-type rj45
!
interface GigabitEthernet0/6
 no ip address
 shutdown
 duplex auto
 speed auto
 media-type rj45
!
interface GigabitEthernet0/7
 ip address dhcp
 duplex auto
 speed auto
 media-type rj45
 no cdp enable
!
!
router eigrp 1
 network 10.1.1.1 0.0.0.0
 network 10.1.2.1 0.0.0.0
 network 10.191.0.1 0.0.0.0
 redistribute static
 passive-interface GigabitEthernet0/0
 eigrp router-id 1.1.1.1
!
ip forward-protocol nd
!
!
no ip http server
no ip http secure-server
ip dns server
ip nat inside source list LANS interface GigabitEthernet0/1 overload
ip ssh version 2
ip scp server enable
!
ip access-list extended DHCP
 permit udp any eq bootps any eq bootpc
 permit udp any eq bootpc any eq bootps
ip access-list extended DNS
 permit udp any any eq domain
 deny   udp any any
ip access-list extended ISAKMP_IPSEC
 permit udp any any eq isakmp
 permit ahp any any
 permit esp any any
 permit udp any any eq non500-isakmp
ip access-list extended LANS
 deny   ip 10.0.0.0 0.255.255.255 10.104.1.0 0.0.0.255
 permit ip 10.0.0.0 0.255.255.255 any
ip access-list extended LAN_NAT
 deny   ip 10.0.0.0 0.255.255.255 10.104.1.0 0.0.0.255
 permit ip 10.0.0.0 0.255.255.255 any
ip access-list extended LAN_SNMP
 permit ip 11.12.13.0 0.0.0.255 any
ip access-list extended NTP
 permit udp 10.0.0.0 0.255.255.255 eq ntp any
ip access-list extended SSH
 permit tcp any any eq 22
 deny   ip any any
ip access-list extended crypto-acl
 permit ip 10.0.0.0 0.255.255.255 10.104.1.0 0.0.0.255
!
logging host 11.12.13.1
ipv6 route 2000::/3 GigabitEthernet0/1 FE80::E53:21FF:FE38:5800
ipv6 router eigrp 1
 passive-interface GigabitEthernet0/0
 eigrp router-id 1.1.1.1
 redistribute static
!
ipv6 ioam timestamp
!
snmp-server group ADMIN v3 priv read SNMP-RO access LAN_SNMP
snmp-server view SNMP-RO iso included
snmp-server chassis-id 
!
!
control-plane
!
banner exec ^C
Default Multi-line exec banner
for R1 device in the CCNA Lab
^C
banner incoming ^C
Default Multi-line incoming banner
for R1 device in the CCNA Lab
^C
banner login ^C
Default Multi-line motd banner
for R1 device in the CCNA Lab
^C
banner motd ^C
Default Multi-line motd banner for R1
for R1 device in the CCNA Lab
^C
banner slip-ppp ^C
Default Multi-line slip-ppp banner
for R1 device in the CCNA Lab
^C
!
line con 0
 exec-timeout 0 0
 privilege level 15
 logging synchronous
line aux 0
 exec-timeout 0 0
 privilege level 15
 logging synchronous
line vty 0 4
 login local
 transport input ssh
!
no scheduler allocate
ntp update-calendar
ntp server 3.fr.pool.ntp.org
!
end

R1#logout





























































R1 con0 is now available





Press RETURN to get started.




