!
version 15.7
service timestamps debug datetime msec
service timestamps log datetime msec
no service password-encryption
!
hostname R4
!
boot-start-marker
boot-end-marker
!
!
enable secret 5 $1$IFh4$d4zkxcFI52V560eXruAw1/
!
no aaa new-model
!
!
!
clock timezone GMT 1 0
clock summer-time FR recurring last Sun Mar 2:00 last Sun Oct 2:00
mmi polling-interval 60
no mmi auto-configure
no mmi pvc
mmi snmp-timeout 180
!
!
!
!
!
no ip icmp rate-limit unreachable
!
!
!
!
ip dhcp pool LAN4
 network 10.104.1.0 255.255.255.0
 default-router 10.104.1.1 
 dns-server 1.1.1.1 
!
ip dhcp pool LAN
 dns-server 10.104.1.1 
 default-router 10.104.1.1 
!
!
!
ip domain name lan
ip name-server 1.1.1.1
ip name-server 8.8.8.8
ip cef
ipv6 unicast-routing
ipv6 cef
!
multilink bundle-name authenticated
!
!
!
!
username root secret 5 $1$FLPB$Jr5HcgkUwdTRic2RGtprP0
!
redundancy
!
no cdp log mismatch duplex
!
ip tcp synwait-time 5
!
class-map type inspect match-any ntp-class
 match protocol ntp
class-map type inspect match-any vpn-class
 match access-group name ISAKMP_IPSEC
class-map type inspect match-any dns-class
 match access-group name DNS
class-map type inspect match-any icmp-class
 match protocol icmp
class-map type inspect match-any dhcp-class
 match access-group name DHCP
class-map type inspect match-any remote-access-class
 match access-group name SSH
class-map type inspect match-any internet-trafic-class
 match protocol dns
 match protocol http
 match protocol https
 match protocol icmp
!
policy-map type inspect lan-internet-policy
 class type inspect internet-trafic-class
  inspect 
 class class-default
  drop
policy-map type inspect to-self-policy
 class type inspect remote-access-class
  pass
 class type inspect icmp-class
  inspect 
 class type inspect dhcp-class
  pass
 class type inspect dns-class
  pass
 class type inspect vpn-class
  inspect 
 class type inspect ntp-class
  pass
 class class-default
  drop log
!
zone security lan4
zone security internet
zone-pair security lan4-internet source lan4 destination internet
 service-policy type inspect lan-internet-policy
zone-pair security internet-self source internet destination self
 service-policy type inspect to-self-policy
zone-pair security self-internet source self destination internet
 service-policy type inspect to-self-policy
! 
!
!
!
!
crypto isakmp policy 1
 encr aes 256
 authentication pre-share
 group 5
 lifetime 7200
crypto isakmp key cisco123 address 192.168.122.239
!
!
crypto ipsec transform-set to-R1-set esp-aes 256 esp-sha-hmac 
 mode tunnel
!
!
!
crypto map cm-to-R1 1 ipsec-isakmp 
 set peer 192.168.122.239
 set transform-set to-R1-set 
 match address crypto-acl
!
!
!
!
!
interface GigabitEthernet0/0
 no ip address
 shutdown
 duplex auto
 speed auto
 media-type rj45
 ipv6 address FE80::DD:4 link-local
 ipv6 enable
 ipv6 eigrp 1
!
interface GigabitEthernet0/1
 description Interface WAN
 ip address dhcp
 ip nat outside
 ip virtual-reassembly in
 zone-member security internet
 duplex auto
 speed auto
 media-type rj45
 ipv6 address FE80::CAFE:5 link-local
 crypto map cm-to-R1
!
interface GigabitEthernet0/2
 description Interface LAN
 ip address 10.104.1.1 255.255.255.0
 ip nat inside
 ip virtual-reassembly in
 zone-member security lan4
 duplex auto
 speed auto
 media-type rj45
 ipv6 address FE80::DD:4 link-local
 ipv6 address 2001:470:C814:5004::2/64
 ipv6 enable
 ipv6 eigrp 1
!
interface GigabitEthernet0/3
 ip address dhcp
 ip nat outside
 ip virtual-reassembly in
 duplex auto
 speed auto
 media-type rj45
 crypto map cm-to-R1
!
interface GigabitEthernet0/4
 no ip address
 shutdown
 duplex auto
 speed auto
 media-type rj45
!
interface GigabitEthernet0/5
 no ip address
 shutdown
 duplex auto
 speed auto
 media-type rj45
!
interface GigabitEthernet0/6
 no ip address
 shutdown
 duplex auto
 speed auto
 media-type rj45
!
interface GigabitEthernet0/7
 no ip address
 shutdown
 duplex auto
 speed auto
 media-type rj45
!
!
router eigrp 1
 network 10.104.1.0 0.0.0.255
 passive-interface GigabitEthernet0/0
 eigrp router-id 4.4.4.4
!
ip forward-protocol nd
!
!
no ip http server
no ip http secure-server
ip dns server
ip nat inside source list LAN_R4 interface GigabitEthernet0/1 overload
ip route 0.0.0.0 0.0.0.0 192.168.122.1
!
ip access-list extended DHCP
 permit udp any eq bootps any eq bootpc
 permit udp any eq bootpc any eq bootps
ip access-list extended DNS
 permit udp any any eq domain
 permit udp any eq domain any
 deny   udp any any
ip access-list extended ISAKMP_IPSEC
 permit udp any any eq isakmp
 permit ahp any any
 permit esp any any
 permit udp any any eq non500-isakmp
ip access-list extended LAN_NAT
 deny   ip 10.104.1.0 0.0.0.255 10.0.0.0 0.255.255.255
 permit ip 10.104.1.0 0.0.0.255 any
ip access-list extended LAN_R4
 deny   ip 10.104.1.0 0.0.0.255 10.0.0.0 0.255.255.255
 permit ip 10.104.1.0 0.0.0.255 any
ip access-list extended SSH
 permit tcp any any eq 22
 deny   ip any any
ip access-list extended crypto-acl
 permit ip 10.104.1.0 0.0.0.255 10.0.0.0 0.255.255.255
!
ipv6 route 2000::/3 GigabitEthernet0/1 FE80::E53:21FF:FE38:5800
ipv6 router eigrp 1
 eigrp router-id 4.4.4.4
 redistribute static
!
ipv6 ioam timestamp
!
!
!
control-plane
!
banner exec ^C
**************************************************************************
* IOSv is strictly limited to use for evaluation, demonstration and IOS  *
* education. IOSv is provided as-is and is not supported by Cisco's      *
* Technical Advisory Center. Any use or disclosure, in whole or in part, *
* of the IOSv Software or Documentation to any third party for any       *
* purposes is expressly prohibited except as otherwise authorized by     *
* Cisco in writing.                                                      *
**************************************************************************^C
banner incoming ^C
**************************************************************************
* IOSv is strictly limited to use for evaluation, demonstration and IOS  *
* education. IOSv is provided as-is and is not supported by Cisco's      *
* Technical Advisory Center. Any use or disclosure, in whole or in part, *
* of the IOSv Software or Documentation to any third party for any       *
* purposes is expressly prohibited except as otherwise authorized by     *
* Cisco in writing.                                                      *
**************************************************************************^C
banner login ^C
**************************************************************************
* IOSv is strictly limited to use for evaluation, demonstration and IOS  *
* education. IOSv is provided as-is and is not supported by Cisco's      *
* Technical Advisory Center. Any use or disclosure, in whole or in part, *
* of the IOSv Software or Documentation to any third party for any       *
* purposes is expressly prohibited except as otherwise authorized by     *
* Cisco in writing.                                                      *
**************************************************************************^C
!
line con 0
 exec-timeout 0 0
 privilege level 15
 logging synchronous
line aux 0
 exec-timeout 0 0
 privilege level 15
 logging synchronous
line vty 0 4
 login local
 transport input ssh
!
no scheduler allocate
ntp update-calendar
ntp server 3.fr.pool.ntp.org
!
end